<?xml version="1.0" encoding="UTF-8"?>
<testng-results skipped="0" failed="0" total="0" passed="0">
  <reporter-output>
  </reporter-output>
  <suite name="myRunner.TestRunner" duration-ms="6" started-at="2020-04-22T13:30:20Z" finished-at="2020-04-22T13:30:20Z">
    <groups>
    </groups>
    <test name="Command line test" duration-ms="6" started-at="2020-04-22T13:30:20Z" finished-at="2020-04-22T13:30:20Z">
    </test> <!-- Command line test -->
  </suite> <!-- myRunner.TestRunner -->
</testng-results>
